TN:
SF:src/Adapters/Controllers/BookController.ts
FN:6,(anonymous_1)
FN:10,(anonymous_2)
FNF:2
FNH:1
FNDA:0,(anonymous_1)
FNDA:1,(anonymous_2)
DA:2,1
DA:3,1
DA:5,1
DA:7,0
DA:11,1
DA:12,1
DA:13,1
DA:14,1
LF:8
LH:7
BRF:0
BRH:0
end_of_record
TN:
SF:src/Application/UseCases/Books/CreateBookCase.ts
FN:6,(anonymous_0)
FN:10,(anonymous_1)
FNF:2
FNH:0
FNDA:0,(anonymous_0)
FNDA:0,(anonymous_1)
DA:4,1
DA:6,0
DA:7,0
DA:11,0
LF:4
LH:1
BRF:0
BRH:0
end_of_record
TN:
SF:src/Infra/DAO/BookDAO.ts
FN:6,(anonymous_1)
FN:9,(anonymous_2)
FN:13,(anonymous_3)
FN:16,(anonymous_4)
FNF:4
FNH:0
FNDA:0,(anonymous_1)
FNDA:0,(anonymous_2)
FNDA:0,(anonymous_3)
FNDA:0,(anonymous_4)
DA:2,1
DA:4,1
DA:7,0
DA:10,0
DA:11,0
DA:14,0
DA:17,0
LF:7
LH:2
BRF:0
BRH:0
end_of_record
TN:
SF:src/Infra/Dependencies/Database.ts
FN:8,(anonymous_1)
FN:10,(anonymous_2)
FN:17,(anonymous_3)
FN:24,(anonymous_4)
FN:40,(anonymous_5)
FN:41,(anonymous_6)
FN:48,(anonymous_7)
FN:49,(anonymous_8)
FNF:8
FNH:0
FNDA:0,(anonymous_1)
FNDA:0,(anonymous_2)
FNDA:0,(anonymous_3)
FNDA:0,(anonymous_4)
FNDA:0,(anonymous_5)
FNDA:0,(anonymous_6)
FNDA:0,(anonymous_7)
FNDA:0,(anonymous_8)
DA:1,1
DA:2,1
DA:4,1
DA:9,0
DA:10,0
DA:11,0
DA:12,0
DA:18,0
DA:19,0
DA:21,0
DA:25,0
DA:41,0
DA:42,0
DA:43,0
DA:49,0
DA:50,0
DA:51,0
LF:17
LH:3
BRDA:11,0,0,0
BRDA:11,0,1,0
BRDA:18,1,0,0
BRDA:18,1,1,0
BRDA:42,2,0,0
BRDA:42,2,1,0
BRDA:50,3,0,0
BRDA:50,3,1,0
BRF:8
BRH:0
end_of_record
TN:
SF:src/Infra/Repositories/BookRepository.ts
FN:4,(anonymous_1)
FNF:1
FNH:0
FNDA:0,(anonymous_1)
DA:2,1
DA:3,1
DA:5,0
DA:6,0
DA:8,0
DA:9,0
LF:6
LH:2
BRDA:5,0,0,0
BRDA:5,0,1,0
BRDA:5,1,0,0
BRDA:5,1,1,0
BRF:4
BRH:0
end_of_record
